<?xml version="1.0" encoding="UTF-8"?>
<!-- Generated by org.testng.reporters.JUnitReportReporter -->
<testsuite hostname="DESKTOP-LF9C4GT" failures="0" tests="7" name="Modules.TrainerManagement" time="7.314" errors="0" timestamp="13 Jun 2023 13:47:37 GMT">
  <testcase classname="Modules.TrainerManagement" name="Test_verifyTitle" time="2.608"/>
  <testcase classname="Modules.TrainerManagement" name="Test_Search" time="0.615"/>
  <testcase classname="Modules.TrainerManagement" name="Test_ActionDelete" time="0.505"/>
  <testcase classname="Modules.TrainerManagement" name="Test_LoginIn" time="0.343"/>
  <testcase classname="Modules.TrainerManagement" name="Test_Card_TotalTrainers" time="0.059"/>
  <testcase classname="Modules.TrainerManagement" name="Test_tablePaginationTrainerManag" time="1.881"/>
  <testcase classname="Modules.TrainerManagement" name="Test_StudentManag" time="1.303"/>
</testsuite> <!-- Modules.TrainerManagement -->
