<?xml version="1.0" encoding="UTF-8"?>
<!-- Generated by org.testng.reporters.JUnitReportReporter -->
<testsuite hostname="DESKTOP-LF9C4GT" name="Modules.TransactionManag" tests="3" failures="0" timestamp="12 Jun 2023 14:35:11 GMT" time="14.759" errors="0">
  <testcase name="Test_LoginIn" time="0.419" classname="Modules.TransactionManag"/>
  <testcase name="Test_Transactions" time="12.035" classname="Modules.TransactionManag"/>
  <testcase name="Test_verifyTitle" time="2.305" classname="Modules.TransactionManag"/>
</testsuite> <!-- Modules.TransactionManag -->
