<?xml version="1.0" encoding="UTF-8"?>
<!-- Generated by org.testng.reporters.JUnitReportReporter -->
<testsuite hostname="DESKTOP-LF9C4GT" failures="0" tests="7" name="Modules.StudentManagement" time="7.456" errors="0" timestamp="13 Jun 2023 10:20:14 GMT">
  <testcase classname="Modules.StudentManagement" name="Test_verifyTitle" time="2.092"/>
  <testcase classname="Modules.StudentManagement" name="Test_Search" time="0.471"/>
  <testcase classname="Modules.StudentManagement" name="Test_filter" time="0.725"/>
  <testcase classname="Modules.StudentManagement" name="Test_LoginIn" time="0.382"/>
  <testcase classname="Modules.StudentManagement" name="Test_Card_TotalStudents" time="0.124"/>
  <testcase classname="Modules.StudentManagement" name="Test_tablePaginationStudentMang" time="1.879"/>
  <testcase classname="Modules.StudentManagement" name="Test_StudentManag" time="1.783"/>
</testsuite> <!-- Modules.StudentManagement -->
