<?xml version="1.0" encoding="UTF-8"?>
<!-- Generated by org.testng.reporters.JUnitReportReporter -->
<testsuite hostname="DESKTOP-LF9C4GT" failures="0" tests="10" name="Modules.Login" time="6.292" errors="0" timestamp="13 Jun 2023 05:44:51 GMT">
  <testcase classname="Modules.Login" name="Test_Dashboard_NewRegistrations" time="0.092"/>
  <testcase classname="Modules.Login" name="Test_Dashboard_Registrations" time="0.273"/>
  <testcase classname="Modules.Login" name="Test_admin" time="0.970"/>
  <testcase classname="Modules.Login" name="Test_LoginIn" time="0.390"/>
  <testcase classname="Modules.Login" name="Test_Dashboard_NewRegistrations_DataWise" time="0.063"/>
  <testcase classname="Modules.Login" name="Test_Dashboard_SalesStatistics" time="1.237"/>
  <testcase classname="Modules.Login" name="Test_Logout" time="1.018"/>
  <testcase classname="Modules.Login" name="Test_Dashboard_NewEnrollCourse" time="0.649"/>
  <testcase classname="Modules.Login" name="Test_Dashboard_Registrations_GenderWise" time="0.036"/>
  <testcase classname="Modules.Login" name="Test_verifyTitle" time="1.564"/>
</testsuite> <!-- Modules.Login -->
